c:\users\tibor\source\repos\tiborfober\hw2\x64\debug\vc143.pdb
c:\users\tibor\source\repos\tiborfober\hw2\x64\debug\vc143.idb
c:\users\tibor\source\repos\tiborfober\hw2\x64\debug\user.obj
c:\users\tibor\source\repos\tiborfober\hw2\x64\debug\product_parser.obj
c:\users\tibor\source\repos\tiborfober\hw2\x64\debug\product.obj
c:\users\tibor\source\repos\tiborfober\hw2\x64\debug\mydatastore.obj
c:\users\tibor\source\repos\tiborfober\hw2\x64\debug\movie.obj
c:\users\tibor\source\repos\tiborfober\hw2\x64\debug\db_parser.obj
c:\users\tibor\source\repos\tiborfober\hw2\x64\debug\clothing.obj
c:\users\tibor\source\repos\tiborfober\hw2\x64\debug\book.obj
c:\users\tibor\source\repos\tiborfober\hw2\x64\debug\amazon.obj
c:\users\tibor\source\repos\tiborfober\hw2\x64\debug\util.obj
c:\users\tibor\source\repos\tiborfober\hw2\x64\debug\hw2.pdb
c:\users\tibor\source\repos\tiborfober\hw2\x64\debug\hw2.tlog\cl.command.1.tlog
c:\users\tibor\source\repos\tiborfober\hw2\x64\debug\hw2.tlog\cl.read.1.tlog
c:\users\tibor\source\repos\tiborfober\hw2\x64\debug\hw2.tlog\cl.write.1.tlog
c:\users\tibor\source\repos\tiborfober\hw2\x64\debug\hw2.tlog\link-cvtres.read.1.tlog
c:\users\tibor\source\repos\tiborfober\hw2\x64\debug\hw2.tlog\link-cvtres.write.1.tlog
c:\users\tibor\source\repos\tiborfober\hw2\x64\debug\hw2.tlog\link-rc.read.1.tlog
c:\users\tibor\source\repos\tiborfober\hw2\x64\debug\hw2.tlog\link-rc.write.1.tlog
c:\users\tibor\source\repos\tiborfober\hw2\x64\debug\hw2.tlog\link.command.1.tlog
c:\users\tibor\source\repos\tiborfober\hw2\x64\debug\hw2.tlog\link.read.1.tlog
c:\users\tibor\source\repos\tiborfober\hw2\x64\debug\hw2.tlog\link.read.2.tlog
c:\users\tibor\source\repos\tiborfober\hw2\x64\debug\hw2.tlog\link.write.1.tlog
